JFIF
$3br
%&'()*456789:CDEFGHIJSTUVWXYZcdefghijstuvwxyz
	#3R
&'()*56789:CDEFGHIJSTUVWXYZcdefghijstuvwxyz
Qj3}
+N/N
uz/-`
x{Nm6
*n?1
ea'ig 
7Vho.e
IIYF9H
~e~W
NW!&
B7W=
vgdr
UP V!"
3F5-bh'di
%H''
eP\)
I{$@]H-
Ifrr
SF=I
/,\"
*II)6
H$bs
y8$dT
e9@[
Q>yh
lSMu
p!;YKn
2[NK
UU)wJ
~weK
NN2}
ii{?
tlmn
"Cf3
TM#F
Iw"6
rD{^`
`@`L
Pau,
iE8h
ztxiB
IRRzi
5IRS
_=M#
o}>[}
,E>D
iJKo
R"U$
}j]N{&
Y&vb
'vO8
ka*>
Q"+4g2*lpI
.zc9
~T;_
8`NrX
9;$f
F0r	8
kpZH
vo\.
.ORy
rQqK
}o{y
s)%Tg,z
cR}/
^F/T
j	sqk5
XI43]X
fXo-
&B	:
pCm5
O29f
&MoQ
a`Ht
jU#%yE
hlmt
m}5z
[?;m
*{sk
G4DH
NM|.i^
An6[
0d98^
g'i_
PLIX
~kFWC#
	=FO#
x.Opz
q	"9
IapD
 }F9
pGqp
`00A
GliF
oi9GW
v>{M9
Z,r9
~6|`
].},
.-^#
X	$m u
mNNy}
O@03
K[kt
#=2x
NZ-}?
IsM_
r?#K
;I]w
DR@B	
B[q;
x9%}v
w0R	'8,Fz
1~^v
sMz_
Wn:n
7&dA
n@l19
MTK^ky
=Nj}
qfY7ad
%rpw
Sk6p
WHsG
<1H#
i-2,
v1XY
N++cw{;E
PpOs
uOo?^
kZF7
nk7k
zT~q
wWv6t
(?y+
)0,q
FX#B
{~g8
T	Y1"
M,rmUP
hTu#~
d9_3
]~_-w
e eN
h!V2
/p;-&0dR
)eSq
gO`X
aqr<
+l#8S
z#2[bfa)
":NDp
zkfa
<7oL
3[96
ZM;l
vToe
[3k	w
[Wz/
;jeYEqki&
->].
;p@!z
ddg'
j5k]=:
OQKk
R$1F
ew}w
{/-^
v8di
?h8*A$
u<v9
Wo=M
pF:}
<Ko[
Oxfq
t.W# 
zovbF
UrNO
,[!/
i[Gw
nEysKuo(
eF3_
]:?F
m-{[OMl
G,l!u`
==uk
AE? ^I$
sA2|
m}['
)^?,
)	yQ
@e~X1
I-oe
M8ITmGV
4&Co6D
3U{j
(&hv~
r*UT
5~mu}
|r	<
!	Y]'
zg=}
wPId
d9I#
)SU`
CYTWKW
3}>W
]6R%
em4z6
N?68
.x)/;
F#bH=
Ru*[G
	Pzc
g%N}
6@$m
?P.[]
ygG!S
?.FFk(
c6zG
E)fw2
(98 
^_01*Uv
#ny'
Z-tw[
b1pU'
[]ly
@=0I
_7mo
1bN9
P]I$
Iv`B
OnNI9<
)r'O
~^Zz
uci=
g=}q
6yebw
=y#<
,A!F
r%;|
W<)=
;nWm
Kgn>
I/]Z
'Y-d
*YK8U
LZwT
:uv^{
-PM{
i\y-(C
|^/+
*i^k
*>~a
-Z_?
=w4V
I^9\
?h	q5
vvoYu{
Y$FP
EZMA
	g9 
-+Y.
iq<ix
jFIkt
pnII]
gd6~
[Yv_p
(&yZ&;
HWnF7
C	m/G
Ou.d
=0N+
qMKYo
IQ!ixp
U#*HS
eY+[N
aa	)Mk
]JU)>h
.9?.
{RQkw
wM{]Y
3z]k
,Q!)
{]68
$~c!|
60W$
&M5(<"
j/__
{w>'
4B79
YZVn
MSqJ
_$cR
}NcS
[hfr
S}ui=S
FdU+
A(uU
rJRN
Wv]/
>i7}6K
IUNpj
^75Z
VVf8#
[?Fs
g9''
n8Kw
K3`p
rp9)
W:M7
Cqx^@
-e%~
}~{1
zw`I
}m{_[
J'Wu
_W}~v
~?6`
]=NWS
(esn
\RQqmykf
Heti
;Pv8
`0#5
X#yd M
37VO]u
e{G}
N7DA
@CeO
8e%&
%<=}9"
JrM(
^mjK
I m>
:*jZ
3O|m
zukF
;]cHb
OW{5
p0PG
P)Xv
&4e+
=3Q*
9;r1_
vZ+[
,=zr
^]/SKY
WI;Is-{[mo}?
EZM_]
;K#C<A
^}=L
	)Y9k
E}At
RoMn
/?6kO
[Ln>B
GXim
$c>R
[-;=}to
[mo}|
j (e
\A2I43
ppm.
;r0T+
kmm{
	me-
_7]m}
+wyIo~
PF^e
9=9=n
*JHC
"[<*
sNN1
5em	7
RU/>ua
 fhn
\]<q8]
8MkV
ZJ5i+=
/uuh
xQt%
O{y-
M/)$
)A>]
w}S}tM
'7k+
]bS$
:]hF
+h.]5
Py%Ks
$M!u
M_]t
-Y">
2#eV=AY>c
{o{;
(`~m
I*A'
'nmo
komv
ko_S
34yPU
*FGZ
N!MD
v$f\
=B}/I
%:n7
F8jq
_.5x[n
.0Fr
&,gs)<
[jlxe&:
e8nOL
>FSW
mu}.
}N{Y
j62I)
)>Ud
Kk9M
"$ BN
=g%w
T7Rl
#/i$
ShaT[|
[mZ1+2
<rHI
M'k?
%~]z
=G<UrL-]&
&euI
_sx'N
[uv{]
iE$cj
zom4
WkGt
2#;y
NkWB<
b4ep@9
j'MJ
 9\3
%@8?
V2FT
g=02
z%+;
hbGf
1!@8
;7}n
yP\js
2RI7
x9-Z;
u4M>
QqNJoF
rwVV
p5g*
g-h+{
-4M3
7<<t
JjZI(
n-.X;
ESMRNK[
e4M*
5RJI
'`>VV1
xi)J
n/> ~
vj/]
FqNS^
oq$)
yuf`
74Ch
jQI1F(D
O>OI&
;9.itw
>lr@
~gD2
V&o5
0pO|
:42*
 1=	
VRBy.
ywwM_k
Be{m}
QrIit
Y.S7
rm]=
 P[(
4!,-
k!g;Q
uK]z
[)VK{
LEv"
]b||
(eDw
6G!*
-5>C
[f1u
9 rz
"cmuz
0=wg>
G<pY
2ShW]
7/!e'
4AO'
P:M2
}x|<
>eWm
mB@^
?3?m
wc,1^
EJ)]
1<'ir
~~g&!h
Coi!
njkl
7S]6
}Ab0
urO>
vy'vs
]W$U
{~7)M
jBe*
]w$R
i,~l
3Y}b
jW}e
FU7o6
u)rIA+FK
?->0
eXxIB
3f-!t
9cWm
Mo}<
j7B&
e/q5
_uw~
88'9
Mkek
Zo{5
RJ-'f
l%*|
X2o!X
rsMKK
4pt]Nv
NgJ-
>\{u
ek_{
_RAq
38nI(
M)>T
pMO4
[{# 
Bj7W
Qadb
~~wt
>[=-
N'Vu#>f
sm.I
hI%e
pp[#<
ZirQ
];kq
pcib
3NVZ
C3/*	
"/Ik}W
v7u 
	/'e
$;R\9*
&cw<
Cn=:
y]7~
((:/SXU
&Q<L 
Z	Es$
I:IJ
_eIo
tF-{
;m?I
X,Z0
k9)I
~~ww
VHYd{eHF
bv\d
FZ'L
,rNya
+{np
WW?c
*Z0[
	ci#q
ry&Y
(NM~+
oY$[
][}7
 6O$
jkXAo
lWQ 
dawm
4_o/
-ckKc
09PrB
894w
#<hH&
/$ry
M;Tz[M
U'qN
<dE1
W}_]
b^+(
~Dvz
MOiVK~W
34	n
??[X
vQk[
7}vF
>R@'
iby$
2k-^vY
vQ*:Dx%0
qWKF
Y\Ac
?5{/
8?7$`dq_
ixTB
(f~F
bXlm
liWL
*2mj
pI<z
[Ho$
ZET#,
Z9We
^V3X
vWWZ
c9'q
yHCe
L|mi{
k7QG
is*\
iooo
O{K;[
i7~ 
ibFnA
vJMGN
|)ew:
wm};
Acwq
Gm~m
[NWfX
NXg=}H
wJ-;=5
ko+A
0NAl
*\3*
9!TA
ZVJ3{
Wo[_
#:avD1
2F#IK
*[]5
a.hSQ{
?V[y"
>C+!
7.:(
Mzt-
;o]:
]_]/v
.g;&
?hXQ
{Gmm}
J5a-
SAq-
H=9'
)'e}_
3:[5
rK<	m
|F}8B5"
}MVkQ
Pcf2'
RMr_
Y-$f.>_3
'U(6
2|4'MFqO
Z;mcA2x
WS7zL
>w)on
1gym
 K]7U
r1Wm5{
I4|*
Et{X
>m.9
HJM4
O[5w
3'FI7t
s%m?
j7Q;.
`nm"Y
8$c?\d
-`@O
_]N<F
dU*A+!
<xNC
M3(`
Kkku
8cE(6
G2{;
#?w#9
uIR6*
O_M<
j	{x
j]B{k
aYNH`
"XI*Wo
i<6\
,q89
6O'#
(9=f
R4%RX	l
WWF<
{Xy{t
z+mv
QjWn
Rk{[x
nebF
J#Wy'R
Gf*1
#;Bp~n
buz.
o_Ja
V#s"3
ZWV^
,UKn<
W~Gj_
4m:A
qsun
&s7:
co`H
Tu!:
$NU7
K;[\
z5)_
sUgg
qJ2i/wv
]==u
sb\Iw9
Gsh/zO}
b2C4
5k-A
,mKHR
dP8$
}63"
r}\.g
d,5K
Bq#$
zcgA
7,om
lG59F
0F:u
Q t$
I&0#
Ml+.
;u@p
pr>g?
S'vFr9
o}7m?
ea[rwm
_"X>
WOr~
b2H~w
7(;s
+M;(
+=b2
Mk[M
ba+LKyHW
6bJC
]Kqy
$!rs
O2@%
niOW+
6.Cd
Y&2"
Z+Ei
DroBH
J-OEr|
cR*N
p<Koo}qk
w)#.
}}{~d
-7zs=
uw}7z
DgdM4e
0UyS
+k-5
sU9T
wwjM_
n[)\
wy~Z
m}7{
x].wy
,28-
(*9r[r
$!Q7F
c3+J
#n9<1
\WjwK
g$g9
H>Pq
AP==
WO}>
Bi`K=!-
ztv?)
k=q@d
rrw_%k[]w
Wdpq
o_/?^
!]pWr
T!nx
ppqZ6
I`!]
|Us5
(-L2Hay
^}Nj
]>{[
??V+
Npwo
+4*1
{hC#
S`%X
V$&3
1Qmr
K-W}
}w9mPo\
Xp]23
k]>k
QKU&
3Y"ue
%Y2	
O1eY
WN}5{-
r}x5
5	FO
KY+?W}o
*I/V(<
,_a(
FU1\/
XFBJ
6ggo
7ebT
i%Vf^
F.&b
q{?a
qxy7
kv:x
J]T1
o,^v
7ucw
dFQ&
kci$
Mlfv>
>^z?
e(@*H
sXJ\
coBx
FeVLe
4X4O
dwL7
H0#c
L}MTw
___]:
ig{h
frC/
U@'8
u99S
4wou
k	RN
wM]?5
9QHo1
zn;]l
2oK$
<)}+
Xgrs
9.i5
nf$L
&Tub
"gt*
%?a((
>{0iT|
'{=?
;Sjm H
98s"
/5VX
UAnX
g*QQn
(gf*G;Xg
]~fM
_Kie
<k$_
=9uN
1(8P
F9\g=x
5]{~
c(7'$
^f/u
!Xm#f0
2FYv
LV	D
i#\]
n^L[
!bSiRI?
%L+D
0=M+7
$zq.
NNON
~_-_
bl0#
N*J;^
kioU
	3Amq,
kUk&
.2NW]
ZKo?//
"]iS
fx`f,w
~c '
0^0z
hJ{.k
kfzG
Ku![
TnV9
0o#'
,5({{]'
;jO$
zw{=
Sio(
Y%+	
vMsJ
J-+I;
[v77Prq
Cm g
3]\<
QjRE>
+oYdm
4}//
5;0[
=Mz<9O
iWW>
ukMN
xn-l
wq*o
2mMb;
+G,\G(
W"I!fg%2
V7:dQ-
gN$X
c*RP
ewnc
[/Dy
,zt.6
/-nD
dtFrIB
=z~7.
I-7J
Ei#"9
o' I
]~~z
\>6L
q^MyJs
VLnu
I7OMz
qg+yp
r3\x
W81IJM
7oN_mZ
y\7w
KyHk9
IJvn
hIi-
^F2N\
t_5u
L}Ib.
u2 ;
%Hwd
#0'#'
^U%k'
H;Km$
^kL't
#Q!,Rb
IerH,
RI^h
Wmnx
~`ZC#
CL6H
YahRFu
@nCH:
tdEq
v0%s
+~g-J
C4wJ
{+~Z
bks<
!ni>
K_SU
QiJ2
Mk-u
6V}o
VmON
ci;KU
N@gm
r_hV
8f8z
<O{f<1
cfpw)
-|G{6
tvR\iw(
9afe
V>~p
r$tP
Vi9'+
Mop<
VVRr
iE=o
?~4Y	l
7i3I0
X[#f
<('%H=
NkSk)Y
/z+ng
F`prXc#
48/c
'y_[k
>nxr
R7 1
[o{]
I	I#
y=Wv
8<eO|
iP(S
K(!A
I\dn
sS,6
}[[i
I*bY
H*@uc
F~ry8
rj|n
iLe~t
$dp95P
;s_w
w&M>
|O]y
HK3*
uc,W
<Y(H
ZGrnn-
?Lwc
L6{mV
"m#A
G;bS
LCz2;1 
M{McK
,rO5
/M{k
F]"xg
}aE(
&LoT
I=0F
Iu?w'
Fu>	zz
29!q
bc.H
E4gk.
-zm}_c
r	#woO
'nF[
Z3"(k
exv=
z[}.
OZZ7
z=v]
W$1,
u' d
*pJQ
w^vv
_v7Z;
y$zW
UdPL
5{[}
PX]@
hRY#$
na*0i
_D~j
>2I5
hJJ6^
8X|W
{6rs
Aorl
IDF',
I.Wo
j!I%
pF3N
hyAa
F$=J
N[8o
mK[/
XxBQ
kHG_
@5u+
$bBc<
37i^
/7$s
5+i-uKQ
\v W
<mRR
<}H{T
EBW;
w8-nHdVi-
j_4Q!
W~_=
@rOM]
CG"?
#ib}p
2K$d;
?%m~v(
SVK]
ak^.M
3";ss
R2n88*k
SH];E
_5ku
n1W{
_^\&
y4wz
xXxWX
X-aq-
!y.YI
vY^;
e>|B[kT3
{np{7JO
^i9'
)=k)
'{mg
%	%w
~x2"
_	R>
~[%o
E{aiw
0T)=z
uL=J
G'!O
HUxW 1
'm_T
s(P~
k).Y5
a:NR
G'{o
oR%y
nvG*A
S3 4
rGNs
Tz_M
1r/?
W!H9
r&xp
9rbVH
JRQn
Gm4&
p3Z5
r=My
O?3oau
>gNs
\[O&
weubu
6>&{
=W2I
M{Tq
O(Ak
+43E
P Q:
{3ad
.c<-G
ITQW
9`CW
FUJ1
QQ{j
kMv]
"I4}vV
e]?G
{v	#
KM:4
b18BI
O?vOO
[XE+My$
 1=wg9
)(M?'o
q4cdW
y +y
m;Oy&
,UXna(
K( 3
k$-$
{sS/
99$t
jDU[tLC
~m_K_[l
wN{|
fvY?
M;s;
Ww}~}|
9f?6
WW/2	v
O]Hb
jRVZ-R
RHv?x
&'N[i~
bf)&I
}mo7
Gkj^
 'y#;
e;7k
5~]}n
]]u[}:
3qc=
SL;nq
kWm6
i#r$T
z-=,
5I#di
NK{=u
+U>L
8B -
d]X]jzt
k^Hs[
#)"H
unz{j
'e}u
e09$
]jMt
C	Z-
dsWJDbivL
}kr?
XKvD
782a
}}~{
ike{
e=mv
yf'wa
F%,y#
Y-%R
]?O>
oo4s1
C,e	-
}~}m
ueOx
?sc#[
2\t 
M__?/=
_i7*
sYIj%
dcs-
-;_Gv
k4M.
=2{;
aj4mJ
M=H<o
q[Og;hZ
=}s\N
zi{t
VYAL
wmt{
;z`]i
vO\u
M[K~
Y{%v
f?,( 
n.ZkM
JU1	rr
v`x+(-
$&EP
bD.-
{FY<
-OFiJ
,d#4i
p~:p
6;M#
ZRWv
U'Wx..G
niE_
nq>$
K4`6
|!gk
;`ax
?=?S
+yot3
.rLD
dE?v
}?4v
.m%x$
;:_t
H9?Py
9p>Y
8$m<
K[+u
O"M"
c ^Hb
fe]O
q&Dg`
oum^
~-Q,F6
U%o'
?S.X
*cf,F
[Llo
Lqy3d
$xO]kT
Hf^v
:|6pC
:mF.
3xwX
vS9*@
[9{o
_O=ui
Zvm%
1,7*
k"bH
^ZI7
MY""$
ryvo
V+Mo
co7*
js;]
03..d
`kmgm
&=2O
koG~
)+0y
Iu;i
8MwV
l|\e
USp!Gi
Um;y
9&0FN3
<~4u
}hIk~
[/D)>}
=2N0N3[S
M7}u
iC1v
RI+Z
g(ME[
WoW{7
h(B.:
,sf9
{;uWM=m
xe"]
<Omi#,
{XDB@
^VvO
{({'5
[{on
}?/^
I0kV[{
9I;Z
W_?'m
)s#E
*Ji&
bFIL
szBN)l
-cEl
oek_W
Upth
H=Mq
eiH ,
*<x,
bG g
,9,pq&
>k_k
~g-&
#ov-
}[K^
xONkI/
~>f=
^~j[g
j7'e
Lg5+e
{LD$]
Lo)Q
tQzT
zmIY|:
mmr~
7As+i
4e[{
rw)c
-89){
DpIq%
S*U#
AEv$
eABM
vH=I
o[=ZZ
J:9(
5%+r
Mek<
#239
-|Vt
Pi^7
3KKy
FORM.H_
mAU|
Fc:rO
]:)#
*K$Z
_1r\08V<
"	.f
,qb$bfG
eKmJ
*+yS^
	a%-
/gQ-]
{=of
]Yt=
;~_~
i' c
8Yjzo
ln4k
m/=^
HKmJ
,ry,
e$c#
2o$1
p$E[
,sG5
$6zv
ca#3B6
9=r{
LR L
'$s^N/
^gi[D
I:pN
7Q\L
(db&`p
k92&w
w9V&
eeim
~dh?
C#J@
V6z/
"wm~
MxYM
X\jqMu
B[{b
<Uok
y'wt
u4FW
E}mn
Ms?{k&
1]kM
u<di
nVL	
}?'c
OO;?M
vBO^zt 
lawn
_LY!
kKc:4
Jqm'
jJMh
V7f[
x3y`M
{mm>^
k-[V
>fu-
d(Jg
u99#
<rrqQRi
pp99
+Z:]
*>ewQ
]Y_[
ikl#E
sz4Z
E`uIu=>
K}~]?;
;7~k+mm]
imrm
=cR-k
0>c3#.@
t}69
G	.y
F`y;q
&J1kF
!Ny<
M))|_e
$@n'8lpN>
xw} 
C	)j
7g=}
>+Jn>!x
 {XD{
;)+"
j|E)
]w~m
AS @
pr=Fs
frrV
yW>5
s@IU
emcYt`AYuMI
u[vK[
Ming
tFI/uG
@0IT
G|oIPO
-4]4q5
)X1p
)0F9R
)))E
UIR\
<pOL
^8Uc
iYEj
[p~e
!Y'm@[,
]TkK
Sia]J
|\]j
-#1g
mkwv
y";?
A9;DOd
+mg}n
{>^[4
|a9F*
i9sE
C8.C`
^I/~
z8n5
0L*[l
@!O*Eo
]m}_{i
xf-j
_5ek.
m5i.
!'U2
=*yS
,2p}>{
}?+~;,
E/ek
n2mKF
 e$y1F#
Mkic
2qKN
/zIZ
~1|J
-oRv]
0br@>
moa}^
}:j?
3Z_K5
oO|d
M/oI
n'F1j
Z;;m
nt;{#j^+[{x
=ZVWk~
})w=
22x9
4n<<
w(S,
q:Uu
}5{=
I;.[YZ
>a`|
Ik}t
%mz[
JPB<
;eULm
~cT_g{
1f' 
9=E)T
99R{
]woK=}7
u8"_
u{~}
K#4W2
J*qn=7
maci
_u)z
GB9S
4X=7
F8~F
Fo6d
XyaSh
rKmu
zpuZR]^
*O^y=Mz4p
t}Bm
~UB3ZOU
lw1 
:rk:
oum5
 rr1
K}o$
$zsZ
EKI$
\oUg
M>nx
u)J7
V5jV
o]m$
NJ	h
M+IC
8=O$~tE96
VW[>
B;E/
5VK[
gR+M
yB-%w
m<BD
jRot
n,8=k
1jJ-
:YDP][e
{GOO+/U
nRpG!
M5V4
i%eb
$w9+
rOBF;
9?7>
ne_^
ya21
	 pX
sUZJ
r[;[_
VW(W
2A#!@=:
	*NNs
B:WaK
rI$DvH
gkG.g
N:qR
'$c$}O
Rj'(J+
U\j+[
	Zu%
kyTRIY
K#4@
}GP(fR
69`pB|
fM+F
%T@P
.gk5
#BN1
E>;x
7n*;e
vZY7
'x/%
+Bfo*
nNr:
+yy&
nI`w0
{6r`
v[h"
=Os@
"{6w
?^M	i'
A$psH
I&iD
iK+0
rrO9
pdQ!
SME'tsb
`	#q`zd
NOBN
XF;-
F=}k
6=9'<
[wm?
 '8>
